Release 12.2 Map M.63c (nt64)
Xilinx Mapping Report File for Design 'Papilio_AVR8'

Design Information
------------------
Command Line   : map -intstyle ise -p xc3s250e-vq100-4 -cm area -ir off -pr off
-c 100 -o Papilio_AVR8_map.ncd Papilio_AVR8.ngd Papilio_AVR8.pcf 
Target Device  : xc3s250e
Target Package : vq100
Target Speed   : -4
Mapper Version : spartan3e -- $Revision: 1.52 $
Mapped Date    : Tue Mar 08 15:56:10 2011

Design Summary
--------------
Number of errors:      0
Number of warnings:    0
Logic Utilization:
  Number of Slice Flip Flops:           905 out of   4,896   18%
  Number of 4 input LUTs:             2,278 out of   4,896   46%
Logic Distribution:
  Number of occupied Slices:          1,527 out of   2,448   62%
    Number of Slices containing only related logic:   1,527 out of   1,527 100%
    Number of Slices containing unrelated logic:          0 out of   1,527   0%
      *See NOTES below for an explanation of the effects of unrelated logic.
  Total Number of 4 input LUTs:       2,305 out of   4,896   47%
    Number used as logic:             2,274
    Number used as a route-thru:         27
    Number used as Shift registers:       4

  The Slice Logic Distribution report is not meaningful if the design is
  over-mapped for a non-slice resource or if Placement fails.

  Number of bonded IOBs:                 51 out of      66   77%
  Number of RAMB16s:                     10 out of      12   83%
  Number of BUFGMUXs:                     2 out of      24    8%
  Number of DCMs:                         1 out of       4   25%

Average Fanout of Non-Clock Nets:                3.65

Peak Memory Usage:  253 MB
Total REAL time to MAP completion:  29 secs 
Total CPU time to MAP completion:   26 secs 

NOTES:

   Related logic is defined as being logic that shares connectivity - e.g. two
   LUTs are "related" if they share common inputs.  When assembling slices,
   Map gives priority to combine logic that is related.  Doing so results in
   the best timing performance.

   Unrelated logic shares no connectivity.  Map will only begin packing
   unrelated logic into a slice once 99% of the slices are occupied through
   related logic packing.

   Note that once logic distribution reaches the 99% level through related
   logic packing, this does not mean the device is completely utilized.
   Unrelated logic packing will then begin, continuing until all usable LUTs
   and FFs are occupied.  Depending on your timing budget, increased levels of
   unrelated logic packing may adversely affect the overall timing performance
   of your design.

Table of Contents
-----------------
Section 1 - Errors
Section 2 - Warnings
Section 3 - Informational
Section 4 - Removed Logic Summary
Section 5 - Removed Logic
Section 6 - IOB Properties
Section 7 - RPMs
Section 8 - Guide Report
Section 9 - Area Group and Partition Summary
Section 10 - Timing Report
Section 11 - Configuration String Information
Section 12 - Control Set Information
Section 13 - Utilization by Hierarchy

Section 1 - Errors
------------------

Section 2 - Warnings
--------------------

Section 3 - Informational
-------------------------
INFO:MapLib:562 - No environment variables are currently set.
INFO:MapLib:159 - Net Timing constraints on signal clk are pushed forward
   through input buffer.
INFO:LIT:244 - All of the single ended outputs in this design are using slew
   rate limited output drivers. The delay on speed critical single ended outputs
   can be dramatically reduced by designating them as fast outputs.
INFO:PhysDesignRules:772 - To achieve optimal frequency synthesis performance
   with the CLKFX and CLKFX180 outputs of the DCM comp
   Inst_DCM32to16/DCM_SP_INST, consult the device Interactive Data Sheet.

Section 4 - Removed Logic Summary
---------------------------------
   2 block(s) optimized away

Section 5 - Removed Logic
-------------------------

Optimized Block(s):
TYPE 		BLOCK
GND 		XST_GND
VCC 		XST_VCC

To enable printing of redundant blocks removed and signals merged, set the
detailed map report option and rerun map.

Section 6 - IOB Properties
--------------------------

+---------------------------------------------------------------------------------------------------------------------------------------------------------+
| IOB Name                           | Type             | Direction | IO Standard          | Diff  | Drive    | Slew | Reg (s)      | Resistor | IOB      |
|                                    |                  |           |                      | Term  | Strength | Rate |              |          | Delay    |
+---------------------------------------------------------------------------------------------------------------------------------------------------------+
| clk                                | IBUF             | INPUT     | LVCMOS25             |       |          |      |              |          | 0 / 0    |
| porta<0>                           | IOB              | BIDIR     | LVCMOS25             |       | 8        | FAST |              |          | 0 / 0    |
| porta<1>                           | IOB              | BIDIR     | LVCMOS25             |       | 8        | FAST |              |          | 0 / 0    |
| porta<2>                           | IOB              | BIDIR     | LVCMOS25             |       | 8        | FAST |              |          | 0 / 0    |
| porta<3>                           | IOB              | BIDIR     | LVCMOS25             |       | 8        | FAST |              |          | 0 / 0    |
| porta<4>                           | IOB              | BIDIR     | LVCMOS25             |       | 8        | FAST |              |          | 0 / 0    |
| porta<5>                           | IOB              | BIDIR     | LVCMOS25             |       | 8        | FAST |              |          | 0 / 0    |
| porta<6>                           | IOB              | BIDIR     | LVCMOS25             |       | 8        | FAST |              |          | 0 / 0    |
| porta<7>                           | IOB              | BIDIR     | LVCMOS25             |       | 8        | FAST |              |          | 0 / 0    |
| portb<0>                           | IOB              | BIDIR     | LVCMOS25             |       | 8        | FAST |              |          | 0 / 0    |
| portb<1>                           | IOB              | BIDIR     | LVCMOS25             |       | 8        | FAST |              |          | 0 / 0    |
| portb<2>                           | IOB              | BIDIR     | LVCMOS25             |       | 8        | FAST |              |          | 0 / 0    |
| portb<3>                           | IOB              | BIDIR     | LVCMOS25             |       | 8        | FAST |              |          | 0 / 0    |
| portb<4>                           | IOB              | BIDIR     | LVCMOS25             |       | 8        | FAST |              |          | 0 / 0    |
| portb<5>                           | IOB              | BIDIR     | LVCMOS25             |       | 8        | FAST |              |          | 0 / 0    |
| portb<6>                           | IOB              | BIDIR     | LVCMOS25             |       | 8        | FAST |              |          | 0 / 0    |
| portb<7>                           | IOB              | BIDIR     | LVCMOS25             |       | 8        | FAST |              |          | 0 / 0    |
| portc<0>                           | IOB              | BIDIR     | LVCMOS25             |       | 8        | FAST |              |          | 0 / 0    |
| portc<1>                           | IOB              | BIDIR     | LVCMOS25             |       | 8        | FAST |              |          | 0 / 0    |
| portc<2>                           | IOB              | BIDIR     | LVCMOS25             |       | 8        | FAST |              |          | 0 / 0    |
| portc<3>                           | IOB              | BIDIR     | LVCMOS25             |       | 8        | FAST |              |          | 0 / 0    |
| portc<4>                           | IOB              | BIDIR     | LVCMOS25             |       | 8        | FAST |              |          | 0 / 0    |
| portc<5>                           | IOB              | BIDIR     | LVCMOS25             |       | 8        | FAST |              |          | 0 / 0    |
| portc<6>                           | IOB              | BIDIR     | LVCMOS25             |       | 8        | FAST |              |          | 0 / 0    |
| portc<7>                           | IOB              | BIDIR     | LVCMOS25             |       | 8        | FAST |              |          | 0 / 0    |
| portd<0>                           | IOB              | BIDIR     | LVCMOS25             |       | 8        | FAST |              |          | 0 / 0    |
| portd<1>                           | IOB              | BIDIR     | LVCMOS25             |       | 8        | FAST |              |          | 0 / 0    |
| portd<2>                           | IOB              | BIDIR     | LVCMOS25             |       | 8        | FAST |              |          | 0 / 0    |
| portd<3>                           | IOB              | BIDIR     | LVCMOS25             |       | 8        | FAST |              |          | 0 / 0    |
| portd<4>                           | IOB              | BIDIR     | LVCMOS25             |       | 8        | FAST |              |          | 0 / 0    |
| portd<5>                           | IOB              | BIDIR     | LVCMOS25             |       | 8        | FAST |              |          | 0 / 0    |
| portd<6>                           | IOB              | BIDIR     | LVCMOS25             |       | 8        | FAST |              |          | 0 / 0    |
| portd<7>                           | IOB              | BIDIR     | LVCMOS25             |       | 8        | FAST |              |          | 0 / 0    |
| porte<0>                           | IOB              | BIDIR     | LVCMOS25             |       | 8        | FAST |              |          | 0 / 0    |
| porte<1>                           | IOB              | BIDIR     | LVCMOS25             |       | 8        | FAST |              |          | 0 / 0    |
| porte<2>                           | IOB              | BIDIR     | LVCMOS25             |       | 8        | FAST |              |          | 0 / 0    |
| porte<3>                           | IOB              | BIDIR     | LVCMOS25             |       | 8        | FAST |              |          | 0 / 0    |
| porte<4>                           | IOB              | BIDIR     | LVCMOS25             |       | 8        | FAST |              |          | 0 / 0    |
| porte<5>                           | IOB              | BIDIR     | LVCMOS25             |       | 8        | FAST |              |          | 0 / 0    |
| porte<6>                           | IOB              | BIDIR     | LVCMOS25             |       | 8        | FAST |              |          | 0 / 0    |
| porte<7>                           | IOB              | BIDIR     | LVCMOS25             |       | 8        | FAST |              |          | 0 / 0    |
| portf<0>                           | IOB              | BIDIR     | LVCMOS25             |       | 8        | FAST |              |          | 0 / 0    |
| portf<1>                           | IOB              | BIDIR     | LVCMOS25             |       | 8        | FAST |              |          | 0 / 0    |
| portf<2>                           | IOB              | BIDIR     | LVCMOS25             |       | 8        | FAST |              |          | 0 / 0    |
| portf<3>                           | IOB              | BIDIR     | LVCMOS25             |       | 8        | FAST |              |          | 0 / 0    |
| portf<4>                           | IOB              | BIDIR     | LVCMOS25             |       | 8        | FAST |              |          | 0 / 0    |
| portf<5>                           | IOB              | BIDIR     | LVCMOS25             |       | 8        | FAST |              |          | 0 / 0    |
| portf<6>                           | IOB              | BIDIR     | LVCMOS25             |       | 8        | FAST |              |          | 0 / 0    |
| portf<7>                           | IOB              | BIDIR     | LVCMOS25             |       | 8        | FAST |              |          | 0 / 0    |
| rxd                                | IBUF             | INPUT     | LVCMOS25             |       |          |      |              |          | 0 / 0    |
| txd                                | IOB              | OUTPUT    | LVCMOS25             |       | 4        | SLOW |              |          | 0 / 0    |
+---------------------------------------------------------------------------------------------------------------------------------------------------------+

Section 7 - RPMs
----------------

Section 8 - Guide Report
------------------------
Guide not run on this design.

Section 9 - Area Group and Partition Summary
--------------------------------------------

Partition Implementation Status
-------------------------------

  No Partitions were found in this design.

-------------------------------

Area Group Information
----------------------

  No area groups were found in this design.

----------------------

Section 10 - Timing Report
--------------------------
This design was not run using timing mode.

Section 11 - Configuration String Details
-----------------------------------------
Use the "-detail" map option to print out Configuration Strings

Section 12 - Control Set Information
------------------------------------
No control set information for this architecture.

Section 13 - Utilization by Hierarchy
-------------------------------------
Use the "-detail" map option to print out the Utilization by Hierarchy section.
